<?xml version="1.0" encoding="UTF-8"?>
<!-- Generated by org.testng.reporters.JUnitReportReporter -->
<testsuite hostname="SRI-NB0234" failures="0" tests="1" name="com.ism.testcases.LoginPageTest" time="25.975" errors="0" timestamp="02 May 2020 13:59:08 GMT" skipped="0">
  <testcase classname="com.ism.testcases.LoginPageTest" name="languagePopup2" time="25.975"/>
</testsuite> <!-- com.ism.testcases.LoginPageTest -->
